copyFromLocal: `/P8AOI/MapData/X1726/20200928/X1724-ANSI-HT-180_20200928_TB1-F11-TRI-08@20200928021459-FPW0401F2MTQ1GQ14.filepart.JPG': File exists
copyFromLocal: `/P8AOI/MapData/X1726/20200928/X1724-ANSI-HT-180_20200928_TB1-F11-TRI-08@20200928021522-FPW0396G1V8Q1GQ10.filepart.JPG': File exists
copyFromLocal: `/P8AOI/MapData/X1726/20200928/X1724-ANSI-HT-180_20200928_TB1-F11-TRI-08@20200928021720-FPW0401F2TGQ1GQ1X.filepart.JPG': File exists
copyFromLocal: `/P8AOI/MapData/X1726/20200928/X1724-ANSI-HT-180_20200928_TB1-F11-TRI-08@20200928021904-FPW0401F2TDQ1GQ10.filepart.JPG': File exists
copyFromLocal: `/P8AOI/MapData/X1726/20200928/X1724-ANSI-HT-180_20200928_TB1-F11-TRI-08@20200928022024-FPW0396F27VQ1GQ1D.filepart.JPG': File exists
copyFromLocal: `/P8AOI/MapData/X1726/20200928/X1724-ANSI-HT-180_20200928_TB1-F11-TRI-08@20200928022115-FPW0396G25AQ1GQ11.filepart.JPG': File exists
copyFromLocal: `/P8AOI/MapData/X1726/20200928/X1724-ANSI-HT-180_20200928_TB1-F11-TRI-08@20200928023214-FPW0401F2X2Q1GQ1Z.filepart.JPG': File exists
copyFromLocal: `/P8AOI/MapData/X1726/20200928/X1724-ANSI-HT-180_20200928_TB1-F11-TRI-08@20200928023237-FPW0401F2VYQ1GQ19.filepart.JPG': File exists
copyFromLocal: `/P8AOI/MapData/X1726/20200928/X1724-ANSI-HT-180_20200928_TB1-F11-TRI-08@20200928023335-FPW0401F2Z7Q1GQ1N.filepart.JPG': File exists
copyFromLocal: `/P8AOI/MapData/X1726/20200928/X1726-ANSI-BOT-180_20200928_TB1-F10-TRI-06@20200928010213-FPW0401F33QQ1GQ1S.filepart.JPG': File exists
copyFromLocal: `/P8AOI/MapData/X1726/20200928/X1726-ANSI-BOT-180_20200928_TB1-F10-TRI-06@20200928010314-FPW0402F34FQ1GQ1X.filepart.JPG': File exists
copyFromLocal: `/P8AOI/MapData/X1726/20200928/X1726-ANSI-BOT-180_20200928_TB1-F10-TRI-06@20200928010539-FPW0402F354Q1GQ15.filepart.JPG': File exists
copyFromLocal: `/P8AOI/MapData/X1726/20200928/X1726-ANSI-HT-180_20200928_TB1-F10-TRI-08@20200928003249-FPW0401F2WLQ1GQ1J.filepart.JPG': File exists
copyFromLocal: `/P8AOI/MapData/X1726/20200928/X1726-ANSI-HT-180_20200928_TB1-F10-TRI-08@20200928003546-FPW0401F2ZQQ1GQ15.filepart.JPG': File exists
copyFromLocal: `/P8AOI/MapData/X1726/20200928/X1726-ANSI-HT-180_20200928_TB1-F10-TRI-08@20200928003610-FPW0396G1XBQ1GQ1R.filepart.JPG': File exists
copyFromLocal: `/P8AOI/MapData/X1726/20200928/X1726-ANSI-HT-180_20200928_TB1-F10-TRI-08@20200928003724-FPW0396G20FQ1GQ1B.filepart.JPG': File exists
copyFromLocal: `/P8AOI/MapData/X1726/20200928/X1726-ANSI-HT-180_20200928_TB1-F10-TRI-08@20200928004259-FPW0401F2VXQ1GQ1A.filepart.JPG': File exists
copyFromLocal: `/P8AOI/MapData/X1726/20200928/X1726-ANSI-HT-180_20200928_TB1-F10-TRI-08@20200928004635-FPW0396G1QCQ1GQ1B.filepart.JPG': File exists
copyFromLocal: `/P8AOI/MapData/X1726/20200928/X1726-ANSI-HT-180_20200928_TB1-F10-TRI-08@20200928004722-FPW0395G1ESQ1GQ1U.filepart.JPG': File exists
copyFromLocal: `/P8AOI/MapData/X1726/20200928/X1726-ANSI-HT-180_20200928_TB1-F10-TRI-08@20200928004920-FPW0401F30EQ1GQ1B.filepart.JPG': File exists
copyFromLocal: `/P8AOI/MapData/X1726/20200928/X1726-ANSI-HT-180_20200928_TB1-F10-TRI-08@20200928005055-FPW0401F2ZAQ1GQ1K.filepart.JPG': File exists
copyFromLocal: `/P8AOI/MapData/X1726/20200928/X1726-ANSI-HT-180_20200928_TB1-F10-TRI-08@20200928005253-FPW0401F312Q1GQ1L.filepart.JPG': File exists
copyFromLocal: `/P8AOI/MapData/X1726/20200928/X1726-ANSI-HT-180_20200928_TB1-F10-TRI-08@20200928005736-FPW0401F2V6Q1GQ11.filepart.JPG': File exists
copyFromLocal: `/P8AOI/MapData/X1726/20200928/X1726-ANSI-HT-180_20200928_TB1-F10-TRI-08@20200928005759-FPW0401F2V7Q1GQ10.filepart.JPG': File exists
copyFromLocal: `/P8AOI/MapData/X1726/20200928/X1726-ANSI-HT_20200928_TB1-F11-TRI-07@20200928024330-FPW0396F25TQ1GQ1M.filepart.JPG': File exists
copyFromLocal: `/P8AOI/MapData/X1726/20200928/X1726-ANSI-HT_20200928_TB1-F11-TRI-07@20200928024400-FPW0402F3F4Q1GQ19.filepart.JPG': File exists
copyFromLocal: `/P8AOI/MapData/X1726/20200928/X1726-ANSI-HT_20200928_TB1-F11-TRI-07@20200928024615-FPW0401F2D4Q1GQ1H.filepart.JPG': File exists
copyFromLocal: `/P8AOI/MapData/X1726/20200928/X1726-ANSI-HT_20200928_TB1-F11-TRI-07@20200928024724-FPW0401F323Q1GQ1G.filepart.JPG': File exists
copyFromLocal: `/P8AOI/MapData/X1726/20200928/X1726-ANSI-HT_20200928_TB1-F11-TRI-07@20200928025459-FPW0402F3EAQ1GQ16.filepart.JPG': File exists
copyFromLocal: `/P8AOI/MapData/X1726/20200928/X1726-ANSI-HT_20200928_TB1-F11-TRI-07@20200928030107-FPW0401F31PQ1GQ1Z.filepart.JPG': File exists
copyFromLocal: `/P8AOI/MapData/X1726/20200928/X1726-ANSI-HT_20200928_TB1-F11-TRI-07@20200928030130-FPW0396G1TGQ1GQ1Y.filepart.JPG': File exists
copyFromLocal: `/P8AOI/MapData/X1726/20200928/X1726-ANSI-MB_20200928_TB1-F10-TRI-01@20200928003134-FPW0401F32LQ1GQ1Z.filepart.JPG': File exists
copyFromLocal: `/P8AOI/MapData/X1726/20200928/X1726-ANSI-MB_20200928_TB1-F10-TRI-01@20200928003320-FPW0401F32QQ1GQ1V.filepart.JPG': File exists
copyFromLocal: `/P8AOI/MapData/X1726/20200928/X1726-ANSI-MB_20200928_TB1-F10-TRI-01@20200928003516-FPW0401F334Q1GQ1C.filepart.JPG': File exists
copyFromLocal: `/P8AOI/MapData/X1726/20200928/X1726-ANSI-MB_20200928_TB1-F10-TRI-01@20200928003734-FPW0401F33FQ1GQ11.filepart.JPG': File exists
copyFromLocal: `/P8AOI/MapData/X1726/20200928/X1726-ANSI-MB_20200928_TB1-F10-TRI-01@20200928003810-FPW0401F33KQ1GQ1X.filepart.JPG': File exists
copyFromLocal: `/P8AOI/MapData/X1726/20200928/X1726-ANSI-MB_20200928_TB1-F10-TRI-01@20200928004549-FPW0402F34QQ1GQ1N.filepart.JPG': File exists
copyFromLocal: `/P8AOI/MapData/X1726/20200928/X1726-ANSI-TOP-180_20200928_TB1-F10-TRI-04@20200928003422-FPW0401F30XQ1GQ1U.filepart.JPG': File exists
copyFromLocal: `/P8AOI/MapData/X1726/20200928/X1726-ANSI-TOP-180_20200928_TB1-F10-TRI-04@20200928003711-FPW0401F31WQ1GQ1S.filepart.JPG': File exists
copyFromLocal: `/P8AOI/MapData/X1726/20200928/X1726-ISO-HT_20200928_TB1-F11-TRI-08@20200928020031-FPW0401F0TWQ4P81B.filepart.JPG': File exists
copyFromLocal: `/P8AOI/MapData/X1726/20200928/X1726-ISO-HT_20200928_TB1-F11-TRI-08@20200928020100-FPW0401F12KQ4P81U.filepart.JPG': File exists
copyFromLocal: `/P8AOI/MapData/X1726/20200928/X1726-ISO-HT_20200928_TB1-F11-TRI-08@20200928020322-FPW0401F135Q4P815.filepart.JPG': File exists
copyFromLocal: `/P8AOI/MapData/X1726/20200928/X1726-ISO-HT_20200928_TB1-F11-TRI-08@20200928020459-FPW0401F025Q4P819.filepart.JPG': File exists
copyFromLocal: `/P8AOI/MapData/X1726/20200928/X1726-ISO-HT_20200928_TB1-F12-TRI-07@20200928003810-FPW0401F07XQ4P812.filepart.JPG': File exists
copyFromLocal: `/P8AOI/MapData/X1726/20200928/X1726-ISO-HT_20200928_TB1-F12-TRI-07@20200928003901-FPW0401F09WQ4P81X.filepart.JPG': File exists
copyFromLocal: `/P8AOI/MapData/X1726/20200928/X1726-ISO-HT_20200928_TB1-F12-TRI-07@20200928004608-FPW0401F0N0Q4P81N.filepart.JPG': File exists
copyFromLocal: `/P8AOI/MapData/X1726/20200928/X1726-ISO-HT_20200928_TB1-F12-TRI-07@20200928004739-FPW0401F0M0Q4P81R.filepart.JPG': File exists
copyFromLocal: `/P8AOI/MapData/X1726/20200928/X1726-ISO-HT_20200928_TB1-F12-TRI-07@20200928005154-FPW0401F0E0Q4P81C.filepart.JPG': File exists
copyFromLocal: `/P8AOI/MapData/X1726/20200928/X1726-ISO-HT_20200928_TB1-F12-TRI-07@20200928005217-FPW0401F003Q4P81H.filepart.JPG': File exists
copyFromLocal: `/P8AOI/MapData/X1726/20200928/X1726-ISO-HT_20200928_TB1-F12-TRI-07@20200928005521-FPW0401F0GLQ4P81L.filepart.JPG': File exists
copyFromLocal: `/P8AOI/MapData/X1726/20200928/X1726-ISO-HT_20200928_TB1-F12-TRI-07@20200928005652-FPW0401F06LQ4P81G.filepart.JPG': File exists
copyFromLocal: `/P8AOI/MapData/X1726/20200928/X1726-ISO-HT_20200928_TB1-F12-TRI-07@20200928005751-FPW0401F0TAQ4P81X.filepart.JPG': File exists
copyFromLocal: `/P8AOI/MapData/X1726/20200928/X1726-ISO-HT_20200928_TB1-F12-TRI-07@20200928005813-FPW0401F0TYQ4P819.filepart.JPG': File exists
copyFromLocal: `/P8AOI/MapData/X1726/20200928/X1726-ISO-HT_20200928_TB1-F12-TRI-07@20200928005905-FPW0401F0XJQ4P81B.filepart.JPG': File exists
copyFromLocal: `/P8AOI/MapData/X1726/20200928/X1726-ISO-HT_20200928_TB1-F12-TRI-07@20200928010227-FPW0401F08NQ4P818.filepart.JPG': File exists
copyFromLocal: `/P8AOI/MapData/X1726/20200928/X1726-ISO-HT_20200928_TB1-F12-TRI-07@20200928010250-FPW0401F0Y3Q4P81P.filepart.JPG': File exists
copyFromLocal: `/P8AOI/MapData/X1726/20200928/X1726-ISO-HT_20200928_TB1-F12-TRI-07@20200928010701-FPW0401F0Z5Q4P81J.filepart.JPG': File exists
copyFromLocal: `/P8AOI/MapData/X1726/20200928/X1726-ISO-HT_20200928_TB1-F12-TRI-07@20200928010724-FPW0401F0Z7Q4P81G.filepart.JPG': File exists
copyFromLocal: `/P8AOI/MapData/X1726/20200928/X1726-ISO-HT_20200928_TB1-F12-TRI-07@20200928010919-FPW0401F0Z1Q4P81N.filepart.JPG': File exists
copyFromLocal: `/P8AOI/MapData/X1726/20200928/X1726-ISO-HT_20200928_TB1-F12-TRI-07@20200928011229-FPW0401F0YVQ4P81X.filepart.JPG': File exists
copyFromLocal: `/P8AOI/MapData/X1726/20200928/X1726-ISO-HT_20200928_TB1-F12-TRI-07@20200928011251-FPW0401F0YHQ4P819.filepart.JPG': File exists
copyFromLocal: `/P8AOI/MapData/X1726/20200928/X1726-ISO-HT_20200928_TB1-F12-TRI-07@20200928011402-FPW0401F0YCQ4P81E.filepart.JPG': File exists
copyFromLocal: `/P8AOI/MapData/X1726/20200928/X1726-ISO-HT_20200928_TB1-F12-TRI-07@20200928011623-FPW0401F0Y4Q4P81N.filepart.JPG': File exists
copyFromLocal: `/P8AOI/MapData/X1098A/20200928/X1A-HT-XY-ISO-MAP-180_20200928_TB1-F02-TRI-08@20200928022335-FPW040162NJMRL2A5.filepart.JPG': File exists
copyFromLocal: `/P8AOI/MapData/X1098A/20200928/X1A-HT-XY-ISO-MAP-180_20200928_TB1-F02-TRI-08@20200928022403-FPW040162MCMRL2AE.filepart.JPG': File exists
copyFromLocal: `/P8AOI/MapData/X1098A/20200928/X1A-HT-XY-ISO-MAP-180_20200928_TB1-F02-TRI-08@20200928022432-FPW040163FXMRL2AC.filepart.JPG': File exists
copyFromLocal: `/P8AOI/MapData/X1098A/20200928/X1A-HT-XY-ISO-MAP-180_20200928_TB1-F02-TRI-08@20200928022500-FPW03975UDPMRL2A6.filepart.JPG': File exists
copyFromLocal: `/P8AOI/MapData/X1098A/20200928/X1A-HT-XY-ISO-MAP-180_20200928_TB1-F02-TRI-08@20200928022628-FPW040162E1MRL2AC.filepart.JPG': File exists
copyFromLocal: `/P8AOI/MapData/X1098A/20200928/X1A-HT-XY-ISO-MAP_20200928_TB1-F02-TRI-07@20200928023818-FPW03975U6PMRL2AT.filepart.JPG': File exists
copyFromLocal: `/P8AOI/MapData/X1777/20200928/X1777-ANSI-BOT-180_20200928_TB1-F15-TRI-10@20200928003400-FPW03964W87N7Y8AC.filepart.JPG': File exists
copyFromLocal: `/P8AOI/MapData/X1777/20200928/X1777-ANSI-BOT-180_20200928_TB1-F15-TRI-10@20200928003924-FPW03964WUSN7Y8A1.filepart.JPG': File exists
copyFromLocal: `/P8AOI/MapData/X1777/20200928/X1777-ANSI-BOT-180_20200928_TB1-F15-TRI-10@20200928004230-FPW03965063N7Y8AF.filepart.JPG': File exists
copyFromLocal: `/P8AOI/MapData/X1777/20200928/X1777-ANSI-BOT-180_20200928_TB1-F15-TRI-10@20200928010212-FPW039759EVN7Y8AP.filepart.JPG': File exists
copyFromLocal: `/P8AOI/MapData/X1777/20200928/X1777-ANSI-BOT-180_20200928_TB1-F15-TRI-10@20200928010619-FPW0396533CN7Y8AC.filepart.JPG': File exists
copyFromLocal: `/P8AOI/MapData/X1777/20200928/X1777-ANSI-BOT-180_20200928_TB1-F15-TRI-10@20200928010635-FPW0397597DN7Y8AS.filepart.JPG': File exists
copyFromLocal: `/P8AOI/MapData/X1777/20200928/X1777-ANSI-BOT-180_20200928_TB1-F15-TRI-10@20200928010759-FPW0397592SN7Y8AU.filepart.JPG': File exists
copyFromLocal: `/P8AOI/MapData/X1777/20200928/X1777-ANSI-BOT-180_20200928_TB1-F15-TRI-10@20200928010913-FPW039759HAN7Y8AZ.filepart.JPG': File exists
copyFromLocal: `/P8AOI/MapData/X1777/20200928/X1777-ANSI-BOT-180_20200928_TB1-F15-TRI-10@20200928011337-FPW03965347N7Y8AE.filepart.JPG': File exists
copyFromLocal: `/P8AOI/MapData/X1777/20200928/X1777-ANSI-BOT-180_20200928_TB1-F15-TRI-10@20200928012421-FPW039757CGN7Y8AA.filepart.JPG': File exists
copyFromLocal: `/P8AOI/MapData/X1777/20200928/X1777-ANSI-BOT-180_20200928_TB1-F15-TRI-10@20200928012533-FPW039650S9N7Y8AH.filepart.JPG': File exists
copyFromLocal: `/P8AOI/MapData/X1777/20200928/X1777-ANSI-BOT-180_20200928_TB1-F15-TRI-10@20200928012655-FPW04016FG8N7Y8AT.filepart.JPG': File exists
copyFromLocal: `/P8AOI/MapData/X1777/20200928/X1777-ANSI-BOT-180_20200928_TB1-F15-TRI-10@20200928012839-FPW04016FGLN7Y8AF.filepart.JPG': File exists
copyFromLocal: `/P8AOI/MapData/X1777/20200928/X1777-ANSI-BOT-180_20200928_TB1-F15-TRI-10@20200928013244-FPW04016FE8N7Y8AZ.filepart.JPG': File exists
copyFromLocal: `/P8AOI/MapData/X1777/20200928/X1777-ANSI-BOT-180_20200928_TB1-F15-TRI-10@20200928013543-FPW039757F7N7Y8AA.filepart.JPG': File exists
copyFromLocal: `/P8AOI/MapData/X1777/20200928/X1777-ANSI-BOT-180_20200928_TB1-F15-TRI-10@20200928013628-FPW039758XWN7Y8A6.filepart.JPG': File exists
copyFromLocal: `/P8AOI/MapData/X1777/20200928/X1777-ANSI-BOT-180_20200928_TB1-F15-TRI-10@20200928013645-FPW039652SVN7Y8AV.filepart.JPG': File exists
copyFromLocal: `/P8AOI/MapData/X1777/20200928/X1777-ANSI-BOT-180_20200928_TB1-F15-TRI-10@20200928014413-FPW04016FM4N7Y8AG.filepart.JPG': File exists
copyFromLocal: `/P8AOI/MapData/X1777/20200928/X1777-ANSI-BOT-180_20200928_TB1-F15-TRI-10@20200928014526-FPW039652TRN7Y8AW.filepart.JPG': File exists
copyFromLocal: `/P8AOI/MapData/X1777/20200928/X1777-ANSI-BOT-180_20200928_TB1-F15-TRI-10@20200928014721-FPW04016FF7N7Y8AX.filepart.JPG': File exists
copyFromLocal: `/P8AOI/MapData/X1777/20200928/X1777-ANSI-BOT-180_20200928_TB1-F15-TRI-10@20200928014833-FPW04016FM7N7Y8AD.filepart.JPG': File exists
copyFromLocal: `/P8AOI/MapData/X1777/20200928/X1777-ANSI-BOT-180_20200928_TB1-F15-TRI-10@20200928014855-FPW03965323N7Y8AQ.filepart.JPG': File exists
copyFromLocal: `/P8AOI/MapData/X1777/20200928/X1777-ANSI-BOT-180_20200928_TB1-F15-TRI-10@20200928015321-FPW04016FJJN7Y8AB.filepart.JPG': File exists
copyFromLocal: `/P8AOI/MapData/X1777/20200928/X1777-ANSI-BOT-180_20200928_TB1-F15-TRI-10@20200928015340-FPW039651WXN7Y8AG.filepart.JPG': File exists
copyFromLocal: `/P8AOI/MapData/X1777/20200928/X1777-ANSI-BOT-180_20200928_TB1-F15-TRI-10@20200928015637-FPW04016FFNN7Y8AG.filepart.JPG': File exists
copyFromLocal: `/P8AOI/MapData/X1777/20200928/X1777-ANSI-BOT-180_20200928_TB1-F15-TRI-10@20200928015752-FPW04016FQ7N7Y8A4.filepart.JPG': File exists
copyFromLocal: `/P8AOI/MapData/X1777/20200928/X1777-ANSI-BOT-180_20200928_TB1-F15-TRI-10@20200928020158-FPW04016FFXN7Y8A7.filepart.JPG': File exists
copyFromLocal: `/P8AOI/MapData/X1777/20200928/X1777-ANSI-BOT_20200928_TB1-F15-TRI-05@20200928003422-FPW04016FG7N7Y8AU.filepart.JPG': File exists
copyFromLocal: `/P8AOI/MapData/X1777/20200928/X1777-ANSI-BOT_20200928_TB1-F15-TRI-05@20200928003448-FPW03964VXVN7Y8AQ.filepart.JPG': File exists
copyFromLocal: `/P8AOI/MapData/X1777/20200928/X1777-ANSI-BOT_20200928_TB1-F15-TRI-05@20200928003932-FPW04016FJVN7Y8A0.filepart.JPG': File exists
copyFromLocal: `/P8AOI/MapData/X1777/20200928/X1777-ANSI-BOT_20200928_TB1-F15-TRI-05@20200928004044-FPW03964W05N7Y8A4.filepart.JPG': File exists
copyFromLocal: `/P8AOI/MapData/X1777/20200928/X1777-ANSI-BOT_20200928_TB1-F15-TRI-05@20200928004057-FPW03964VWAN7Y8AC.filepart.JPG': File exists
copyFromLocal: `/P8AOI/MapData/X1777/20200928/X1777-ANSI-BOT_20200928_TB1-F15-TRI-05@20200928004325-FPW03965009N7Y8AT.filepart.JPG': File exists
copyFromLocal: `/P8AOI/MapData/X1777/20200928/X1777-ANSI-BOT_20200928_TB1-F15-TRI-05@20200928004529-FPW039652WTN7Y8AK.filepart.JPG': File exists
copyFromLocal: `/P8AOI/MapData/X1777/20200928/X1777-ANSI-BOT_20200928_TB1-F15-TRI-05@20200928004704-FPW03964W0GN7Y8AT.filepart.JPG': File exists
copyFromLocal: `/P8AOI/MapData/X1777/20200928/X1777-ANSI-BOT_20200928_TB1-F15-TRI-05@20200928005323-FPW04016FL0N7Y8AP.filepart.JPG': File exists
copyFromLocal: `/P8AOI/MapData/X1777/20200928/X1777-ANSI-FQC-LEGEND_20200928_TB1-F15-TRI-11@20200928000232-FPW03964XW7N7Y8AD.filepart.JPG': File exists
copyFromLocal: `/P8AOI/MapData/X1777/20200928/X1777-ANSI-HT-180_20200928_TB1-F04-TRI-08@20200928015714-FPW04016FMKN7Y8A1.filepart.JPG': File exists
copyFromLocal: `/P8AOI/MapData/X1777/20200928/X1777-ANSI-HT-180_20200928_TB1-F04-TRI-08@20200928015819-FPW0396518KN7Y8AS.filepart.JPG': File exists
copyFromLocal: `/P8AOI/MapData/X1777/20200928/X1777-ANSI-HT-180_20200928_TB1-F04-TRI-08@20200928015905-FPW04016FNEN7Y8A3.filepart.JPG': File exists
copyFromLocal: `/P8AOI/MapData/X1777/20200928/X1777-ANSI-HT-180_20200928_TB1-F04-TRI-08@20200928020212-FPW03964VWLN7Y8A2.filepart.JPG': File exists
copyFromLocal: `/P8AOI/MapData/X1777/20200928/X1777-ANSI-HT-180_20200928_TB1-F04-TRI-08@20200928020525-FPW03965299N7Y8AY.filepart.JPG': File exists
copyFromLocal: `/P8AOI/MapData/X1777/20200928/X1777-ANSI-HT-180_20200928_TB1-F04-TRI-08@20200928020614-FPW03964W7BN7Y8AB.filepart.JPG': File exists
copyFromLocal: `/P8AOI/MapData/X1777/20200928/X1777-ANSI-HT-180_20200928_TB1-F04-TRI-08@20200928020704-FPW03964VVRN7Y8A0.filepart.JPG': File exists
copyFromLocal: `/P8AOI/MapData/X1777/20200928/X1777-ANSI-HT-180_20200928_TB1-F04-TRI-08@20200928020729-FPW039651HXN7Y8AM.filepart.JPG': File exists
copyFromLocal: `/P8AOI/MapData/X1777/20200928/X1777-ANSI-HT-180_20200928_TB1-F04-TRI-08@20200928020817-FPW03964XV6N7Y8AH.filepart.JPG': File exists
copyFromLocal: `/P8AOI/MapData/X1777/20200928/X1777-ANSI-HT-180_20200928_TB1-F04-TRI-08@20200928020904-FPW03964W30N7Y8A0.filepart.JPG': File exists
copyFromLocal: `/P8AOI/MapData/X1777/20200928/X1777-ANSI-HT-180_20200928_TB1-F04-TRI-08@20200928021458-FPW03965364N7Y8AB.filepart.JPG': File exists
copyFromLocal: `/P8AOI/MapData/X1777/20200928/X1777-ANSI-HT-180_20200928_TB1-F04-TRI-08@20200928021521-FPW039653HJN7Y8AY.filepart.JPG': File exists
copyFromLocal: `/P8AOI/MapData/X1777/20200928/X1777-ANSI-HT-180_20200928_TB1-F04-TRI-08@20200928021544-FPW039651PSN7Y8A8.filepart.JPG': File exists
copyFromLocal: `/P8AOI/MapData/X1777/20200928/X1777-ANSI-HT-180_20200928_TB1-F04-TRI-08@20200928021830-FPW04016FD9N7Y8A1.filepart.JPG': File exists
copyFromLocal: `/P8AOI/MapData/X1777/20200928/X1777-ANSI-HT-180_20200928_TB1-F04-TRI-08@20200928021942-FPW04016FDNN7Y8AN.filepart.JPG': File exists
copyFromLocal: `/P8AOI/MapData/X1777/20200928/X1777-ANSI-HT-180_20200928_TB1-F04-TRI-08@20200928022227-FPW04016FFRN7Y8AD.filepart.JPG': File exists
copyFromLocal: `/P8AOI/MapData/X1777/20200928/X1777-ANSI-HT_20200928_TB1-F15-TRI-07@20200928003711-FPW04016FH2N7Y8AW.filepart.JPG': File exists
copyFromLocal: `/P8AOI/MapData/X1777/20200928/X1777-ANSI-HT_20200928_TB1-F15-TRI-07@20200928003734-FPW03964836N7Y8AG.filepart.JPG': File exists
copyFromLocal: `/P8AOI/MapData/X1777/20200928/X1777-ANSI-HT_20200928_TB1-F15-TRI-07@20200928003821-FPW03964EHHN7Y8AR.filepart.JPG': File exists
copyFromLocal: `/P8AOI/MapData/X1777/20200928/X1777-ANSI-HT_20200928_TB1-F15-TRI-07@20200928004306-FPW03964VWLN7Y8A2.filepart.JPG': File exists
copyFromLocal: `/P8AOI/MapData/X1777/20200928/X1777-ANSI-HT_20200928_TB1-F15-TRI-07@20200928004441-FPW03964VWKN7Y8A3.filepart.JPG': File exists
copyFromLocal: `/P8AOI/MapData/X1777/20200928/X1777-ANSI-HT_20200928_TB1-F15-TRI-07@20200928004639-FPW03964VWCN7Y8AA.filepart.JPG': File exists
copyFromLocal: `/P8AOI/MapData/X1777/20200928/X1777-ANSI-HT_20200928_TB1-F15-TRI-07@20200928004713-FPW039651JRN7Y8AQ.filepart.JPG': File exists
copyFromLocal: `/P8AOI/MapData/X1777/20200928/X1777-ANSI-HT_20200928_TB1-F15-TRI-07@20200928005322-FPW039758XSN7Y8AA.filepart.JPG': File exists
copyFromLocal: `/P8AOI/MapData/X1777/20200928/X1777-ANSI-MB_20200928_TB1-F15-TRI-02@20200928003459-FPW04016FKHN7Y8A9.filepart.JPG': File exists
copyFromLocal: `/P8AOI/MapData/X1777/20200928/X1777-ANSI-MB_20200928_TB1-F15-TRI-02@20200928003906-FPW04016FLCN7Y8AB.filepart.JPG': File exists
copyFromLocal: `/P8AOI/MapData/X1777/20200928/X1777-ANSI-MB_20200928_TB1-F15-TRI-02@20200928004116-FPW04016FLMN7Y8A2.filepart.JPG': File exists
copyFromLocal: `/P8AOI/MapData/X1777/20200928/X1777-ANSI-MB_20200928_TB1-F15-TRI-02@20200928004524-FPW04016FHCN7Y8AL.filepart.JPG': File exists
copyFromLocal: `/P8AOI/MapData/X1777/20200928/X1777-ANSI-MB_20200928_TB1-F15-TRI-02@20200928005123-FPW04016FN2N7Y8AF.filepart.JPG': File exists
copyFromLocal: `/P8AOI/MapData/X1777/20200928/X1777-ANSI-MB_20200928_TB1-F15-TRI-02@20200928005143-FPW04016FN4N7Y8AD.filepart.JPG': File exists
copyFromLocal: `/P8AOI/MapData/X1777/20200928/X1777-ANSI-MB_20200928_TB1-F15-TRI-02@20200928005203-FPW04016FN7N7Y8AA.filepart.JPG': File exists
copyFromLocal: `/P8AOI/MapData/X1777/20200928/X1777-ANSI-MB_20200928_TB1-F15-TRI-02@20200928005330-FPW04016FNGN7Y8A1.filepart.JPG': File exists
copyFromLocal: `/P8AOI/MapData/X1777/20200928/X1777-ANSI-MB_20200928_TB1-F15-TRI-02@20200928005609-FPW04016FNSN7Y8AR.filepart.JPG': File exists
copyFromLocal: `/P8AOI/MapData/X1777/20200928/X1777-ANSI-MB_20200928_TB1-F15-TRI-02@20200928005632-FPW04016FNVN7Y8AN.filepart.JPG': File exists
copyFromLocal: `/P8AOI/MapData/X1777/20200928/X1777-ANSI-MB_20200928_TB1-F15-TRI-02@20200928005717-FPW04016FP0N7Y8AE.filepart.JPG': File exists
copyFromLocal: `/P8AOI/MapData/X1777/20200928/X1777-ANSI-MB_20200928_TB1-F15-TRI-02@20200928010042-FPW04016FPLN7Y8AU.filepart.JPG': File exists
copyFromLocal: `/P8AOI/MapData/X1777/20200928/X1777-ANSI-MB_20200928_TB1-F15-TRI-02@20200928010308-FPW04016FQ1N7Y8AA.filepart.JPG': File exists
copyFromLocal: `/P8AOI/MapData/X1777/20200928/X1777-ANSI-MB_20200928_TB1-F15-TRI-02@20200928010721-FPW04016FQLN7Y8AR.filepart.JPG': File exists
copyFromLocal: `/P8AOI/MapData/X1777/20200928/X1777-ANSI-MB_20200928_TB1-F15-TRI-02@20200928011036-FPW04016FR2N7Y8A6.filepart.JPG': File exists
copyFromLocal: `/P8AOI/MapData/X1777/20200928/X1777-ANSI-MB_20200928_TB1-F15-TRI-02@20200928011425-FPW04016FRKN7Y8AP.filepart.JPG': File exists
copyFromLocal: `/P8AOI/MapData/X1777/20200928/X1777-ANSI-MB_20200928_TB1-F15-TRI-02@20200928011712-FPW04016FRVN7Y8AD.filepart.JPG': File exists
copyFromLocal: `/P8AOI/MapData/X1777/20200928/X1777-ANSI-MB_20200928_TB1-F15-TRI-02@20200928012017-FPW04016FS5N7Y8A0.filepart.JPG': File exists
copyFromLocal: `/P8AOI/MapData/X1777/20200928/X1777-ANSI-MB_20200928_TB1-F15-TRI-02@20200928012249-FPW04016FSEN7Y8AR.filepart.JPG': File exists
copyFromLocal: `/P8AOI/MapData/X1777/20200928/X1777-ANSI-MB_20200928_TB1-F15-TRI-02@20200928012430-FPW04016FSKN7Y8AL.filepart.JPG': File exists
copyFromLocal: `/P8AOI/MapData/X1777/20200928/X1777-ANSI-MB_20200928_TB1-F15-TRI-02@20200928012712-FPW04016FSXN7Y8A8.filepart.JPG': File exists
copyFromLocal: `/P8AOI/MapData/X1777/20200928/X1777-ANSI-MB_20200928_TB1-F15-TRI-02@20200928012902-FPW04016FT7N7Y8AV.filepart.JPG': File exists
copyFromLocal: `/P8AOI/MapData/X1777/20200928/X1777-ANSI-MB_20200928_TB1-F15-TRI-02@20200928012924-FPW04016FRVN7Y8AD.filepart.JPG': File exists
copyFromLocal: `/P8AOI/MapData/X1777/20200928/X1777-ANSI-MB_20200928_TB1-F15-TRI-02@20200928013122-FPW04016FT5N7Y8AX.filepart.JPG': File exists
copyFromLocal: `/P8AOI/MapData/X1777/20200928/X1777-ANSI-TOP-180_20200928_TB1-F15-TRI-04@20200928000331-FPW039653A8N7Y8AV.filepart.JPG': File exists
copyFromLocal: `/P8AOI/MapData/X1777/20200928/X1777-ANSI-TOP-180_20200928_TB1-F15-TRI-04@20200928000354-FPW0396517PN7Y8AR.filepart.JPG': File exists
copyFromLocal: `/P8AOI/MapData/X1777/20200928/X1777-ANSI-TOP-180_20200928_TB1-F15-TRI-04@20200928000417-FPW0396517NN7Y8AS.filepart.JPG': File exists
copyFromLocal: `/P8AOI/MapData/X1777/20200928/X1777-ANSI-TOP-180_20200928_TB1-F15-TRI-04@20200928001407-FPW04016FE9N7Y8AY.filepart.JPG': File exists
copyFromLocal: `/P8AOI/MapData/X1777/20200928/X1777-ANSI-TOP-180_20200928_TB1-F15-TRI-04@20200928001457-FPW03964VU3N7Y8AR.filepart.JPG': File exists
copyFromLocal: `/P8AOI/MapData/X1777/20200928/X1777-ANSI-TOP-180_20200928_TB1-F15-TRI-04@20200928001539-FPW03964VSHN7Y8AH.filepart.JPG': File exists
copyFromLocal: `/P8AOI/MapData/X1777/20200928/X1777-ANSI-TOP-180_20200928_TB1-F15-TRI-04@20200928001626-FPW03975998N7Y8AR.filepart.JPG': File exists
copyFromLocal: `/P8AOI/MapData/X1777/20200928/X1777-ANSI-TOP-180_20200928_TB1-F15-TRI-04@20200928002224-FPW03964VXVN7Y8AQ.filepart.JPG': File exists
copyFromLocal: `/P8AOI/MapData/X1777/20200928/X1777-ANSI-TOP-180_20200928_TB1-F15-TRI-04@20200928002353-FPW03964VXSN7Y8AT.filepart.JPG': File exists
copyFromLocal: `/P8AOI/MapData/X1777/20200928/X1777-ANSI-TOP-180_20200928_TB1-F15-TRI-04@20200928002416-FPW03964VVSN7Y8AZ.filepart.JPG': File exists
copyFromLocal: `/P8AOI/MapData/X1777/20200928/X1777-ANSI-TOP-180_20200928_TB1-F15-TRI-04@20200928002439-FPW03964VXHN7Y8A2.filepart.JPG': File exists
copyFromLocal: `/P8AOI/MapData/X1777/20200928/X1777-ANSI-TOP-180_20200928_TB1-F15-TRI-04@20200928002548-FPW03964VWJN7Y8A4.filepart.JPG': File exists
copyFromLocal: `/P8AOI/MapData/X1777/20200928/X1777-ANSI-TOP-180_20200928_TB1-F15-TRI-04@20200928002638-FPW03964VWEN7Y8A8.filepart.JPG': File exists
copyFromLocal: `/P8AOI/MapData/X1777/20200928/X1777-ANSI-TOP-180_20200928_TB1-F15-TRI-04@20200928002736-FPW03964VW8N7Y8AE.filepart.JPG': File exists
copyFromLocal: `/P8AOI/MapData/X1777/20200928/X1777-ANSI-TOP-180_20200928_TB1-F15-TRI-04@20200928002759-FPW03964VW6N7Y8AG.filepart.JPG': File exists
copyFromLocal: `/P8AOI/MapData/X1777/20200928/X1777-ANSI-TOP-180_20200928_TB1-F15-TRI-04@20200928002822-FPW03964VW1N7Y8AM.filepart.JPG': File exists
copyFromLocal: `/P8AOI/MapData/X1777/20200928/X1777-ANSI-TOP-180_20200928_TB1-F15-TRI-04@20200928003501-FPW0396516HN7Y8A0.filepart.JPG': File exists
copyFromLocal: `/P8AOI/MapData/X1777/20200928/X1777-ANSI-TOP-180_20200928_TB1-F15-TRI-04@20200928003957-FPW039653DRN7Y8A3.filepart.JPG': File exists
copyFromLocal: `/P8AOI/MapData/X1777/20200928/X1777-ANSI-TOP-180_20200928_TB1-F15-TRI-04@20200928004042-FPW03965238N7Y8AH.filepart.JPG': File exists
copyFromLocal: `/P8AOI/MapData/X1777/20200928/X1777-ANSI-TOP-180_20200928_TB1-F15-TRI-04@20200928004236-FPW04016FK7N7Y8AK.filepart.JPG': File exists
copyFromLocal: `/P8AOI/MapData/X1777/20200928/X1777-ANSI-TOP-180_20200928_TB1-F15-TRI-04@20200928004322-FPW04016FKJN7Y8A8.filepart.JPG': File exists
copyFromLocal: `/P8AOI/MapData/X1777/20200928/X1777-ANSI-TOP-180_20200928_TB1-F15-TRI-04@20200928004550-FPW04016FKHN7Y8A9.filepart.JPG': File exists
copyFromLocal: `/P8AOI/MapData/X1777/20200928/X1777-ANSI-TOP-180_20200928_TB1-F15-TRI-04@20200928004719-FPW04016FKLN7Y8A6.filepart.JPG': File exists
copyFromLocal: `/P8AOI/MapData/X1777/20200928/X1777-ANSI-TOP-180_20200928_TB1-F15-TRI-04@20200928004747-FPW04016FL0N7Y8AP.filepart.JPG': File exists
copyFromLocal: `/P8AOI/MapData/X1777/20200928/X1777-ANSI-TOP-180_20200928_TB1-F15-TRI-04@20200928004839-FPW039652USN7Y8AS.filepart.JPG': File exists
copyFromLocal: `/P8AOI/MapData/X1777/20200928/X1777-ANSI-TOP-180_20200928_TB1-F15-TRI-04@20200928005348-FPW04016FM6N7Y8AE.filepart.JPG': File exists
copyFromLocal: `/P8AOI/MapData/X1777/20200928/X1777-ANSI-TOP-180_20200928_TB1-F15-TRI-04@20200928005814-FPW04016FMJN7Y8A2.filepart.JPG': File exists
copyFromLocal: `/P8AOI/MapData/X1777/20200928/X1777-ANSI-TOP-180_20200928_TB1-F15-TRI-04@20200928005858-FPW04016FM7N7Y8AD.filepart.JPG': File exists
copyFromLocal: `/P8AOI/MapData/X1777/20200928/X1777-ANSI-TOP-180_20200928_TB1-F15-TRI-04@20200928005942-FPW04016FLDN7Y8AA.filepart.JPG': File exists
copyFromLocal: `/P8AOI/MapData/X1777/20200928/X1777-ANSI-TOP-180_20200928_TB1-F15-TRI-04@20200928010012-FPW04016FMTN7Y8AT.filepart.JPG': File exists
copyFromLocal: `/P8AOI/MapData/X1777/20200928/X1777-ANSI-TOP-180_20200928_TB1-F15-TRI-04@20200928010314-FPW04016FNCN7Y8A5.filepart.JPG': File exists
copyFromLocal: `/P8AOI/MapData/X1777/20200928/X1777-ANSI-TOP-180_20200928_TB1-F15-TRI-04@20200928010447-FPW04016FNPN7Y8AU.filepart.JPG': File exists
copyFromLocal: `/P8AOI/MapData/X1777/20200928/X1777-ANSI-TOP-180_20200928_TB1-F15-TRI-04@20200928010726-FPW04016FPBN7Y8A3.filepart.JPG': File exists
copyFromLocal: `/P8AOI/MapData/X1777/20200928/X1777-ANSI-TOP-180_20200928_TB1-F15-TRI-04@20200928010812-FPW04016FNKN7Y8AY.filepart.JPG': File exists
copyFromLocal: `/P8AOI/MapData/X1777/20200928/X1777-ANSI-TOP-180_20200928_TB1-F15-TRI-04@20200928011213-FPW04016FN5N7Y8AC.filepart.JPG': File exists
copyFromLocal: `/P8AOI/MapData/X1777/20200928/X1777-ANSI-TOP-180_20200928_TB1-F15-TRI-04@20200928011324-FPW04016FQ5N7Y8A6.filepart.JPG': File exists
copyFromLocal: `/P8AOI/MapData/X1777/20200928/X1777-ANSI-TOP-180_20200928_TB1-F15-TRI-04@20200928011348-FPW04016FPCN7Y8A2.filepart.JPG': File exists
copyFromLocal: `/P8AOI/MapData/X1777/20200928/X1777-ISO-FQC-LEGEND_20200928_TB1-F13-TRI-11@20200928003542-FPW04016F6JNYCWBP.filepart.JPG': File exists
copyFromLocal: `/P8AOI/MapData/X1777/20200928/X1777-ISO-FQC-LEGEND_20200928_TB1-F13-TRI-11@20200928003737-FPW04016F7TNYCWBB.filepart.JPG': File exists
copyFromLocal: `/P8AOI/MapData/X1777/20200928/X1777-ISO-FQC-LEGEND_20200928_TB1-F13-TRI-11@20200928003938-FPW040169XBNYD4BJ.filepart.JPG': File exists
copyFromLocal: `/P8AOI/MapData/X1777/20200928/X1777-ISO-FQC-LEGEND_20200928_TB1-F13-TRI-11@20200928003957-FPW04016F75NYCWBZ.filepart.JPG': File exists
copyFromLocal: `/P8AOI/MapData/X1777/20200928/X1777-ISO-FQC-LEGEND_20200928_TB1-F13-TRI-11@20200928004207-FPW04016F4QNYCWBP.filepart.JPG': File exists
copyFromLocal: `/P8AOI/MapData/X1777/20200928/X1777-ISO-FQC-LEGEND_20200928_TB1-F13-TRI-11@20200928004517-FPW04016F2XNYCWBN.filepart.JPG': File exists
copyFromLocal: `/P8AOI/MapData/X1777/20200928/X1777-ISO-FQC-LEGEND_20200928_TB1-F13-TRI-11@20200928004705-FPW04016CLENYCVBP.filepart.JPG': File exists
copyFromLocal: `/P8AOI/MapData/X1777/20200928/X1777-ISO-FQC-LEGEND_20200928_TB1-F13-TRI-11@20200928004925-FPW04016E3RNYCWBS.filepart.JPG': File exists
copyFromLocal: `/P8AOI/MapData/X1777/20200928/X1777-ISO-FQC-LEGEND_20200928_TB1-F13-TRI-11@20200928005132-FPW04016C2UNYD4BH.filepart.JPG': File exists
copyFromLocal: `/P8AOI/MapData/X1777/20200928/X1777-ISO-FQC-LEGEND_20200928_TB1-F13-TRI-11@20200928005214-FPW04016FUQNYCWBK.filepart.JPG': File exists
copyFromLocal: `/P8AOI/MapData/X1777/20200928/X1777-ISO-FQC-LEGEND_20200928_TB1-F13-TRI-11@20200928005318-FPW04016F8JNYCWBH.filepart.JPG': File exists
copyFromLocal: `/P8AOI/MapData/X1777/20200928/X1777-ISO-FQC-LEGEND_20200928_TB1-F13-TRI-12@20200928001637-FPW04016F06NYCWBK.filepart.JPG': File exists
copyFromLocal: `/P8AOI/MapData/X1777/20200928/X1777-ISO-FQC-LEGEND_20200928_TB1-F13-TRI-12@20200928001813-FPW04016ESMNYCWBV.filepart.JPG': File exists
copyFromLocal: `/P8AOI/MapData/X1777/20200928/X1777-ISO-FQC-LEGEND_20200928_TB1-F13-TRI-12@20200928002300-FPW04016ESQNYCWBS.filepart.JPG': File exists
copyFromLocal: `/P8AOI/MapData/X1777/20200928/X1777-ISO-HT-180_20200928_TB1-F11-TRI-08@20200928005918-FPW04016F25NYCWBE.filepart.JPG': File exists
copyFromLocal: `/P8AOI/MapData/X1777/20200928/X1777-ISO-HT-180_20200928_TB1-F11-TRI-08@20200928010009-FPW04016DR5NYCWBF.filepart.JPG': File exists
copyFromLocal: `/P8AOI/MapData/X1777/20200928/X1777-ISO-HT-180_20200928_TB1-F11-TRI-08@20200928010131-FPW04016CNRNYCVB6.filepart.JPG': File exists
copyFromLocal: `/P8AOI/MapData/X1777/20200928/X1777-ISO-HT-180_20200928_TB1-F11-TRI-08@20200928010214-FPW04016F1HNYCWB5.filepart.JPG': File exists
copyFromLocal: `/P8AOI/MapData/X1777/20200928/X1777-ISO-HT-180_20200928_TB1-F11-TRI-08@20200928010302-FPW04016FB5NYCWBM.filepart.JPG': File exists
copyFromLocal: `/P8AOI/MapData/X1777/20200928/X1777-ISO-HT-180_20200928_TB1-F11-TRI-08@20200928010325-FPW04016EUPNYCWBM.filepart.JPG': File exists
copyFromLocal: `/P8AOI/MapData/X1777/20200928/X1777-ISO-HT-180_20200928_TB1-F11-TRI-08@20200928010449-FPW04016AP1NYD4BH.filepart.JPG': File exists
copyFromLocal: `/P8AOI/MapData/X1777/20200928/X1777-ISO-HT-180_20200928_TB1-F11-TRI-08@20200928010546-FPW04016G1RNYCWBW.filepart.JPG': File exists
copyFromLocal: `/P8AOI/MapData/X1777/20200928/X1777-ISO-HT-180_20200928_TB1-F11-TRI-08@20200928011231-FPW04016E2ENYCWB6.filepart.JPG': File exists
copyFromLocal: `/P8AOI/MapData/X1777/20200928/X1777-ISO-HT-180_20200928_TB1-F11-TRI-08@20200928011401-FPW04016FWDNYCWBQ.filepart.JPG': File exists
copyFromLocal: `/P8AOI/MapData/X1777/20200928/X1777-ISO-HT-180_20200928_TB1-F11-TRI-08@20200928011904-FPW04016ESKNYCWBX.filepart.JPG': File exists
copyFromLocal: `/P8AOI/MapData/X1777/20200928/X1777-ISO-HT-180_20200928_TB1-F11-TRI-08@20200928012022-FPW04016D1GNYCVB9.filepart.JPG': File exists
copyFromLocal: `/P8AOI/MapData/X1778/20200928/X1778-ANSI-FQC-LEGEND-180_20200928_TB1-F14-TRI-11@20200928003416-FPW04016EH5P49XB3.filepart.JPG': File exists
copyFromLocal: `/P8AOI/MapData/X1778/20200928/X1778-ANSI-FQC-LEGEND-180_20200928_TB1-F14-TRI-11@20200928003445-FPW04016EAAP49XBK.filepart.JPG': File exists
copyFromLocal: `/P8AOI/MapData/X1778/20200928/X1778-ANSI-FQC-LEGEND-180_20200928_TB1-F14-TRI-11@20200928003516-FPW04016EABP49XBJ.filepart.JPG': File exists
copyFromLocal: `/P8AOI/MapData/X1778/20200928/X1778-ANSI-FQC-LEGEND-180_20200928_TB1-F14-TRI-11@20200928003811-FPW040168KWNC47AF.filepart.JPG': File exists
copyFromLocal: `/P8AOI/MapData/X1778/20200928/X1778-ANSI-FQC-LEGEND-180_20200928_TB1-F14-TRI-11@20200928003836-FPW04016EGLP49XBR.filepart.JPG': File exists
copyFromLocal: `/P8AOI/MapData/X1778/20200928/X1778-ANSI-FQC-LEGEND-180_20200928_TB1-F14-TRI-11@20200928003857-FPW04016EBVP49XBX.filepart.JPG': File exists
copyFromLocal: `/P8AOI/MapData/X1778/20200928/X1778-ANSI-FQC-LEGEND-180_20200928_TB1-F14-TRI-11@20200928004107-FPW04016EGJP49XBT.filepart.JPG': File exists
copyFromLocal: `/P8AOI/MapData/X1778/20200928/X1778-ANSI-FQC-LEGEND-180_20200928_TB1-F14-TRI-11@20200928004129-FPW04016EEAP49XB7.filepart.JPG': File exists
copyFromLocal: `/P8AOI/MapData/X1778/20200928/X1778-ANSI-FQC-LEGEND-180_20200928_TB1-F14-TRI-11@20200928004309-FPW04016DJ6P4D0BK.filepart.JPG': File exists
copyFromLocal: `/P8AOI/MapData/X1778/20200928/X1778-ANSI-FQC-LEGEND-180_20200928_TB1-F14-TRI-11@20200928004508-FPW04016C9HNC47AL.filepart.JPG': File exists
copyFromLocal: `/P8AOI/MapData/X1778/20200928/X1778-ANSI-FQC-LEGEND-180_20200928_TB1-F14-TRI-11@20200928004618-FPW04016EBXP49XBV.filepart.JPG': File exists
copyFromLocal: `/P8AOI/MapData/X1778/20200928/X1778-ANSI-FQC-LEGEND-180_20200928_TB1-F14-TRI-11@20200928004851-FPW04016DK1P4D0BM.filepart.JPG': File exists
copyFromLocal: `/P8AOI/MapData/X1778/20200928/X1778-ANSI-FQC-LEGEND-180_20200928_TB1-F14-TRI-11@20200928004921-FPW04016DJRP4D0B0.filepart.JPG': File exists
copyFromLocal: `/P8AOI/MapData/X1778/20200928/X1778-ANSI-FQC-LEGEND-180_20200928_TB1-F14-TRI-11@20200928005013-FPW04016BV5NC47A7.filepart.JPG': File exists
copyFromLocal: `/P8AOI/MapData/X1778/20200928/X1778-ANSI-FQC-LEGEND-180_20200928_TB1-F14-TRI-11@20200928005131-FPW04016DH2P4D0BS.filepart.JPG': File exists
copyFromLocal: `/P8AOI/MapData/X1778/20200928/X1778-ANSI-FQC-LEGEND-180_20200928_TB1-F14-TRI-11@20200928010526-FPW04016ELKP49XBE.filepart.JPG': File exists
copyFromLocal: `/P8AOI/MapData/X1778/20200928/X1778-ANSI-FQC-LEGEND-180_20200928_TB1-F14-TRI-11@20200928011337-FPW04016EPFP49XB9.filepart.JPG': File exists
copyFromLocal: `/P8AOI/MapData/X1778/20200928/X1778-ANSI-FQC-LEGEND-180_20200928_TB1-F14-TRI-11@20200928011612-FPW04016DE8P4D0BV.filepart.JPG': File exists
copyFromLocal: `/P8AOI/MapData/X1778/20200928/X1778-ANSI-FQC-LEGEND-180_20200928_TB1-F14-TRI-11@20200928012100-FPW04016ELTP49XB6.filepart.JPG': File exists
copyFromLocal: `/P8AOI/MapData/X1778/20200928/X1778-ANSI-FQC-LEGEND-180_20200928_TB1-F14-TRI-11@20200928012140-FPW04016DFXP4D0B3.filepart.JPG': File exists
copyFromLocal: `/P8AOI/MapData/X1778/20200928/X1778-ANSI-FQC-LEGEND-180_20200928_TB1-F14-TRI-11@20200928012511-FPW04016EPNP49XB2.filepart.JPG': File exists
copyFromLocal: `/P8AOI/MapData/X1778/20200928/X1778-ANSI-FQC-LEGEND-180_20200928_TB1-F14-TRI-11@20200928013029-FPW04016EMAP49XBL.filepart.JPG': File exists
copyFromLocal: `/P8AOI/MapData/X1778/20200928/X1778-ANSI-FQC-LEGEND-180_20200928_TB1-F14-TRI-11@20200928013743-FPW04016ESXP49XBJ.filepart.JPG': File exists
copyFromLocal: `/P8AOI/MapData/X1778/20200928/X1778-ANSI-FQC-LEGEND-180_20200928_TB1-F14-TRI-11@20200928013816-FPW04016AUCNC47A4.filepart.JPG': File exists
copyFromLocal: `/P8AOI/MapData/X1778/20200928/X1778-ANSI-FQC-LEGEND-180_20200928_TB1-F14-TRI-11@20200928014403-FPW04016EN8P49XBK.filepart.JPG': File exists
copyFromLocal: `/P8AOI/MapData/X1778/20200928/X1778-ANSI-FQC-LEGEND-180_20200928_TB1-F14-TRI-11@20200928014711-FPW04016ENCP49XBF.filepart.JPG': File exists
copyFromLocal: `/P8AOI/MapData/X1778/20200928/X1778-ANSI-FQC-LEGEND-180_20200928_TB1-F14-TRI-11@20200928014732-FPW04016ET1P49XBB.filepart.JPG': File exists
